<?xml version="1.0" encoding="UTF-8"?>
<!-- Generated by org.testng.reporters.JUnitReportReporter -->
<testsuite hostname="DESKTOP-7HQSQ59" failures="0" tests="1" name="mvn_code.ScrollPageUpandDown" time="6.183" errors="0" timestamp="2024-06-25T10:09:48 IST" skipped="0">
  <testcase classname="mvn_code.ScrollPageUpandDown" name="Scrollbar" time="6.183"/>
</testsuite> <!-- mvn_code.ScrollPageUpandDown -->
