<?xml version="1.0" encoding="UTF-8"?>
<!-- Generated by org.testng.reporters.JUnitReportReporter -->
<testsuite hostname="DESKTOP-7HQSQ59" failures="0" tests="1" name="First_package.LoginPage" time="0.268" errors="0" timestamp="2024-09-11T17:46:40 IST" skipped="0">
  <testcase classname="First_package.LoginPage" name="Email" time="0.268"/>
</testsuite> <!-- First_package.LoginPage -->
