<?xml version="1.0" encoding="UTF-8"?>
<!-- Generated by org.testng.reporters.JUnitReportReporter -->
<testsuite hostname="DESKTOP-7HQSQ59" failures="0" tests="1" name="Second_package.HomePage" time="0.011" errors="0" timestamp="2024-06-25T12:47:24 IST" skipped="0">
  <testcase classname="Second_package.HomePage" name="SearchOptions" time="0.011"/>
</testsuite> <!-- Second_package.HomePage -->
