<?xml version="1.0" encoding="UTF-8"?>
<!-- Generated by org.testng.reporters.JUnitReportReporter -->
<testsuite hostname="DESKTOP-7HQSQ59" failures="0" tests="1" name="Third_script.OrderHistory" time="0.010" errors="0" timestamp="2024-06-25T12:47:24 IST" skipped="0">
  <testcase classname="Third_script.OrderHistory" name="OrderList" time="0.010"/>
</testsuite> <!-- Third_script.OrderHistory -->
