<?xml version="1.0" encoding="UTF-8"?>
<!-- Generated by org.testng.reporters.JUnitReportReporter -->
<testsuite hostname="DESKTOP-7HQSQ59" failures="0" tests="1" name="mvn_code.NewTest" time="2.309" errors="0" timestamp="2024-06-25T09:18:42 IST" skipped="0">
  <testcase classname="mvn_code.NewTest" name="f" time="2.309"/>
</testsuite> <!-- mvn_code.NewTest -->
