<?xml version="1.0" encoding="UTF-8"?>
<!-- Generated by org.testng.reporters.JUnitReportReporter -->
<testsuite hostname="DESKTOP-7HQSQ59" failures="0" tests="1" name="First_package.LoginPage" time="0.326" errors="0" timestamp="2024-06-25T12:57:42 IST" skipped="0">
  <testcase classname="First_package.LoginPage" name="Email" time="0.326"/>
</testsuite> <!-- First_package.LoginPage -->
